{
  "stats": {
    "suites": 1,
    "tests": 1,
    "passes": 1,
    "pending": 0,
    "failures": 0,
    "start": "2026-03-10T00:59:11.319Z",
    "end": "2026-03-10T00:59:51.288Z",
    "duration": 39969,
    "testsRegistered": 1,
    "passPercent": 100,
    "pendingPercent": 0,
    "other": 0,
    "hasOther": false,
    "skipped": 0,
    "hasSkipped": false
  },
  "results": [
    {
      "uuid": "938882f7-f5f3-4ece-a5f2-aabc27f71403",
      "title": "",
      "fullFile": "cypress\\e2e\\checkoutAppActions.cy.js",
      "file": "cypress\\e2e\\checkoutAppActions.cy.js",
      "beforeHooks": [],
      "afterHooks": [],
      "tests": [],
      "suites": [
        {
          "uuid": "89a58030-f0d4-4a84-b966-9fcb77df8893",
          "title": "Checkout - AppActions",
          "fullFile": "",
          "file": "",
          "beforeHooks": [],
          "afterHooks": [],
          "tests": [
            {
              "title": "Deve finalizar uma compra com sucesso",
              "fullTitle": "Checkout - AppActions Deve finalizar uma compra com sucesso",
              "timedOut": null,
              "duration": 39837,
              "state": "passed",
              "speed": "slow",
              "pass": true,
              "fail": false,
              "pending": false,
              "context": null,
              "code": "cy.fixture('user').then(user => {\n  (0, _login.login)(user.usuario, user.senha);\n});\n(0, _product.addProductToCartAndCheckout)();\n(0, _checkout.checkout)();\ncy.contains('Pedido recebido').should('be.visible');",
              "err": {},
              "uuid": "26b7fb74-59ea-4d25-a72c-ba6dcba43e3a",
              "parentUUID": "89a58030-f0d4-4a84-b966-9fcb77df8893",
              "isHook": false,
              "skipped": false
            }
          ],
          "suites": [],
          "passes": [
            "26b7fb74-59ea-4d25-a72c-ba6dcba43e3a"
          ],
          "failures": [],
          "pending": [],
          "skipped": [],
          "duration": 39837,
          "root": false,
          "rootEmpty": false,
          "_timeout": 2000
        }
      ],
      "passes": [],
      "failures": [],
      "pending": [],
      "skipped": [],
      "duration": 0,
      "root": true,
      "rootEmpty": true,
      "_timeout": 2000
    }
  ],
  "meta": {
    "mocha": {
      "version": "7.2.0"
    },
    "mochawesome": {
      "options": {
        "quiet": false,
        "reportFilename": "mochawesome",
        "saveHtml": true,
        "saveJson": true,
        "consoleReporter": "spec",
        "useInlineDiffs": false,
        "code": true
      },
      "version": "7.1.4"
    },
    "marge": {
      "options": {
        "reportDir": "cypress/reports",
        "overwrite": false,
        "html": true,
        "json": true
      },
      "version": "6.3.2"
    }
  }
}